

*******************************************************************************
Mon Nov 20 20:50:37 2017


FIT:    data read from "coordinates2.0-pdf.dat"
        format = z
        x range restricted to [1.00000 : 10.0000]
        #datapoints = 10
        residuals are weighted equally (unit weight)

function used for fitting: a*x**b
fitted parameters initialized with current variable values

iter      chisq       delta/lim  lambda   a             b            
   0 4.0623004000e+07   0.00e+00  9.99e+00    1.000000e+00   1.000000e+00

Current data point
=========================
#               = 3 out of 10
x               = 5833           
z               = 1080           

Current set of parameters
=========================
a               = 5833           
b               = 689.764        

BREAK: Function evaluation yields NaN ("not a number")

*******************************************************************************
Mon Nov 20 20:53:20 2017


FIT:    data read from "coordinates2.0-pdf.dat"
        format = z
        x range restricted to [1.00000 : 10.0000]
        #datapoints = 10
        residuals are weighted equally (unit weight)

function used for fitting: a*x**b
fitted parameters initialized with current variable values


Current data point
=========================
#               = 3 out of 10
x               = 5833           
z               = 1035           

Current set of parameters
=========================
a               = 5833           
b               = 689.764        

BREAK: Function evaluation yields NaN ("not a number")

*******************************************************************************
Mon Nov 20 20:53:25 2017


FIT:    data read from "coordinates2.0-pdf.dat"
        format = z
        x range restricted to [1.00000 : 10.0000]
        #datapoints = 10
        residuals are weighted equally (unit weight)

function used for fitting: a*x**b
fitted parameters initialized with current variable values


Current data point
=========================
#               = 3 out of 10
x               = 5833           
z               = 1035           

Current set of parameters
=========================
a               = 5833           
b               = 689.764        

BREAK: Function evaluation yields NaN ("not a number")

*******************************************************************************
Mon Nov 20 20:53:48 2017


FIT:    data read from "coordinates2.0-pdf.dat"
        format = z
        x range restricted to [1.00000 : 10.0000]
        #datapoints = 10
        residuals are weighted equally (unit weight)

function used for fitting: a*x**b
fitted parameters initialized with current variable values

iter      chisq       delta/lim  lambda   a             b            
   0 2.0613229000e+08   0.00e+00  9.99e+00    1.000000e+00   1.000000e+00
   5 1.0300353000e+07  -4.51e-07  9.99e-05    1.399600e+04  -6.144027e+01

After 5 iterations the fit converged.
final sum of squares of residuals : 1.03004e+07
rel. change during last iteration : -4.50709e-12

degrees of freedom    (FIT_NDF)                        : 8
rms of residuals      (FIT_STDFIT) = sqrt(WSSR/ndf)    : 1134.7
variance of residuals (reduced chisquare) = WSSR/ndf   : 1.28754e+06

Final set of parameters            Asymptotic Standard Error
=======================            ==========================
a               = 13996            +/- 1135         (8.107%)
b               = -61.4403         +/- 3.738e+17    (6.084e+17%)

correlation matrix of the fit parameters:
                a      b      
a               1.000 
b              -0.000  1.000 


*******************************************************************************
Mon Nov 20 20:54:24 2017


FIT:    data read from "coordinates2.0-pdf.dat"
        format = z
        x range restricted to [1.00000 : 10.0000]
        #datapoints = 10
        residuals are weighted equally (unit weight)

function used for fitting: a*x**b
fitted parameters initialized with current variable values

iter      chisq       delta/lim  lambda   a             b            
   0 1.0300353000e+07   0.00e+00  3.13e+03    1.399600e+04  -6.144027e+01
   1 1.0300353000e+07   0.00e+00  3.13e+02    1.399600e+04  -6.144027e+01

After 1 iterations the fit converged.
final sum of squares of residuals : 1.03004e+07
rel. change during last iteration : 0

degrees of freedom    (FIT_NDF)                        : 8
rms of residuals      (FIT_STDFIT) = sqrt(WSSR/ndf)    : 1134.7
variance of residuals (reduced chisquare) = WSSR/ndf   : 1.28754e+06

Final set of parameters            Asymptotic Standard Error
=======================            ==========================
a               = 13996            +/- 1135         (8.107%)
b               = -61.4403         +/- 3.738e+17    (6.084e+17%)

correlation matrix of the fit parameters:
                a      b      
a               1.000 
b              -0.000  1.000 


*******************************************************************************
Mon Nov 20 20:54:25 2017


FIT:    data read from "coordinates2.0-pdf.dat"
        format = z
        x range restricted to [1.00000 : 10.0000]
        #datapoints = 10
        residuals are weighted equally (unit weight)

function used for fitting: a*x**b
fitted parameters initialized with current variable values

iter      chisq       delta/lim  lambda   a             b            
   0 1.0300353000e+07   0.00e+00  3.13e+03    1.399600e+04  -6.144027e+01
   1 1.0300353000e+07   0.00e+00  3.13e+02    1.399600e+04  -6.144027e+01

After 1 iterations the fit converged.
final sum of squares of residuals : 1.03004e+07
rel. change during last iteration : 0

degrees of freedom    (FIT_NDF)                        : 8
rms of residuals      (FIT_STDFIT) = sqrt(WSSR/ndf)    : 1134.7
variance of residuals (reduced chisquare) = WSSR/ndf   : 1.28754e+06

Final set of parameters            Asymptotic Standard Error
=======================            ==========================
a               = 13996            +/- 1135         (8.107%)
b               = -61.4403         +/- 3.738e+17    (6.084e+17%)

correlation matrix of the fit parameters:
                a      b      
a               1.000 
b              -0.000  1.000 


*******************************************************************************
Mon Nov 20 20:54:26 2017


FIT:    data read from "coordinates2.0-pdf.dat"
        format = z
        x range restricted to [1.00000 : 10.0000]
        #datapoints = 10
        residuals are weighted equally (unit weight)

function used for fitting: a*x**b
fitted parameters initialized with current variable values

iter      chisq       delta/lim  lambda   a             b            
   0 1.0300353000e+07   0.00e+00  3.13e+03    1.399600e+04  -6.144027e+01
   1 1.0300353000e+07   0.00e+00  3.13e+02    1.399600e+04  -6.144027e+01

After 1 iterations the fit converged.
final sum of squares of residuals : 1.03004e+07
rel. change during last iteration : 0

degrees of freedom    (FIT_NDF)                        : 8
rms of residuals      (FIT_STDFIT) = sqrt(WSSR/ndf)    : 1134.7
variance of residuals (reduced chisquare) = WSSR/ndf   : 1.28754e+06

Final set of parameters            Asymptotic Standard Error
=======================            ==========================
a               = 13996            +/- 1135         (8.107%)
b               = -61.4403         +/- 3.738e+17    (6.084e+17%)

correlation matrix of the fit parameters:
                a      b      
a               1.000 
b              -0.000  1.000 


*******************************************************************************
Mon Nov 20 20:54:30 2017


FIT:    data read from "coordinates1.0-pdf.dat"
        format = z
        x range restricted to [1.00000 : 10.0000]
        #datapoints = 7
        residuals are weighted equally (unit weight)

function used for fitting: a*x**b
fitted parameters initialized with current variable values

iter      chisq       delta/lim  lambda   a             b            
   0 4.0913259000e+07   0.00e+00  3.74e+03    1.399600e+04  -6.144027e+01
   3 3.2870363000e+07  -5.54e-05  3.74e+00    1.116000e+04  -6.144027e+01

After 3 iterations the fit converged.
final sum of squares of residuals : 3.28704e+07
rel. change during last iteration : -5.5405e-10

degrees of freedom    (FIT_NDF)                        : 5
rms of residuals      (FIT_STDFIT) = sqrt(WSSR/ndf)    : 2564
variance of residuals (reduced chisquare) = WSSR/ndf   : 6.57407e+06

Final set of parameters            Asymptotic Standard Error
=======================            ==========================
a               = 11160            +/- 2564         (22.97%)
b               = -61.4403         +/- 1.059e+18    (1.724e+18%)

correlation matrix of the fit parameters:
                a      b      
a               1.000 
b              -0.000  1.000 


*******************************************************************************
Mon Nov 20 20:54:34 2017


FIT:    data read from "coordinates1.0-pdf.dat"
        format = z
        x range restricted to [1.00000 : 10.0000]
        #datapoints = 7
        residuals are weighted equally (unit weight)

function used for fitting: a*x**b
fitted parameters initialized with current variable values

iter      chisq       delta/lim  lambda   a             b            
   0 3.2870363000e+07   0.00e+00  2.98e+03    1.116000e+04  -6.144027e+01
   1 3.2870363000e+07   0.00e+00  2.98e+02    1.116000e+04  -6.144027e+01

After 1 iterations the fit converged.
final sum of squares of residuals : 3.28704e+07
rel. change during last iteration : 0

degrees of freedom    (FIT_NDF)                        : 5
rms of residuals      (FIT_STDFIT) = sqrt(WSSR/ndf)    : 2564
variance of residuals (reduced chisquare) = WSSR/ndf   : 6.57407e+06

Final set of parameters            Asymptotic Standard Error
=======================            ==========================
a               = 11160            +/- 2564         (22.97%)
b               = -61.4403         +/- 1.059e+18    (1.724e+18%)

correlation matrix of the fit parameters:
                a      b      
a               1.000 
b              -0.000  1.000 


*******************************************************************************
Mon Nov 20 20:54:37 2017


FIT:    data read from "coordinates1.0-pdf.dat"
        format = z
        x range restricted to [1.00000 : 10.0000]
        #datapoints = 7
        residuals are weighted equally (unit weight)

function used for fitting: a*x**b
fitted parameters initialized with current variable values

iter      chisq       delta/lim  lambda   a             b            
   0 3.2870363000e+07   0.00e+00  2.98e+03    1.116000e+04  -6.144027e+01
   1 3.2870363000e+07   0.00e+00  2.98e+02    1.116000e+04  -6.144027e+01

After 1 iterations the fit converged.
final sum of squares of residuals : 3.28704e+07
rel. change during last iteration : 0

degrees of freedom    (FIT_NDF)                        : 5
rms of residuals      (FIT_STDFIT) = sqrt(WSSR/ndf)    : 2564
variance of residuals (reduced chisquare) = WSSR/ndf   : 6.57407e+06

Final set of parameters            Asymptotic Standard Error
=======================            ==========================
a               = 11160            +/- 2564         (22.97%)
b               = -61.4403         +/- 1.059e+18    (1.724e+18%)

correlation matrix of the fit parameters:
                a      b      
a               1.000 
b              -0.000  1.000 


*******************************************************************************
Mon Nov 20 20:54:43 2017


FIT:    data read from "coordinates2.0-pdf.dat"
        format = z
        x range restricted to [1.00000 : 10.0000]
        #datapoints = 10
        residuals are weighted equally (unit weight)

function used for fitting: a*x**b
fitted parameters initialized with current variable values

iter      chisq       delta/lim  lambda   a             b            
   0 1.8343249000e+07   0.00e+00  2.50e+03    1.116000e+04  -6.144027e+01
   3 1.0300353000e+07  -4.42e-05  2.50e+00    1.399600e+04  -6.144027e+01

After 3 iterations the fit converged.
final sum of squares of residuals : 1.03004e+07
rel. change during last iteration : -4.42209e-10

degrees of freedom    (FIT_NDF)                        : 8
rms of residuals      (FIT_STDFIT) = sqrt(WSSR/ndf)    : 1134.7
variance of residuals (reduced chisquare) = WSSR/ndf   : 1.28754e+06

Final set of parameters            Asymptotic Standard Error
=======================            ==========================
a               = 13996            +/- 1135         (8.107%)
b               = -61.4403         +/- 3.738e+17    (6.084e+17%)

correlation matrix of the fit parameters:
                a      b      
a               1.000 
b              -0.000  1.000 


*******************************************************************************
Mon Nov 20 21:01:13 2017


FIT:    data read from "coordinates3.0-pdf.dat"
        format = z
        x range restricted to [1.00000 : 10.0000]
        #datapoints = 10
        residuals are weighted equally (unit weight)

function used for fitting: a*x**b
fitted parameters initialized with current variable values

iter      chisq       delta/lim  lambda   a             b            
   0 1.7726170199e+08   0.00e+00  3.13e+03    1.399600e+04  -6.144027e+01
   3 2.1206600000e+05  -4.73e-02  3.13e+00    6.900000e+02  -6.144027e+01

After 3 iterations the fit converged.
final sum of squares of residuals : 212066
rel. change during last iteration : -4.72815e-07

degrees of freedom    (FIT_NDF)                        : 8
rms of residuals      (FIT_STDFIT) = sqrt(WSSR/ndf)    : 162.814
variance of residuals (reduced chisquare) = WSSR/ndf   : 26508.2

Final set of parameters            Asymptotic Standard Error
=======================            ==========================
a               = 690              +/- 162.8        (23.6%)
b               = -61.4403         +/- 1.088e+18    (1.771e+18%)

correlation matrix of the fit parameters:
                a      b      
a               1.000 
b              -0.000  1.000 


*******************************************************************************
Mon Nov 20 21:01:48 2017


FIT:    data read from "coordinates3.0-pdf.dat"
        format = z
        x range restricted to [1.00000 : 10.0000]
        #datapoints = 10
        residuals are weighted equally (unit weight)

function used for fitting: a*x**b
fitted parameters initialized with current variable values

iter      chisq       delta/lim  lambda   a             b            
   0 6.7712300000e+05   0.00e+00  9.99e+00    1.000000e+00   1.000000e+00
  40 4.7317867240e+02  -9.61e-04  9.99e-06    6.929231e+02  -1.109278e+00

After 40 iterations the fit converged.
final sum of squares of residuals : 473.179
rel. change during last iteration : -9.60984e-09

degrees of freedom    (FIT_NDF)                        : 8
rms of residuals      (FIT_STDFIT) = sqrt(WSSR/ndf)    : 7.69073
variance of residuals (reduced chisquare) = WSSR/ndf   : 59.1473

Final set of parameters            Asymptotic Standard Error
=======================            ==========================
a               = 692.923          +/- 7.444        (1.074%)
b               = -1.10928         +/- 0.01671      (1.507%)

correlation matrix of the fit parameters:
                a      b      
a               1.000 
b              -0.505  1.000 


*******************************************************************************
Mon Nov 20 21:09:25 2017


FIT:    data read from "coordinates2.5-pdf.dat"
        format = z
        x range restricted to [1.00000 : 10.0000]
        #datapoints = 10
        residuals are weighted equally (unit weight)

function used for fitting: a*x**b
fitted parameters initialized with current variable values

iter      chisq       delta/lim  lambda   a             b            
   0 1.1708998854e+07   0.00e+00  2.28e+02    6.929231e+02  -1.109278e+00
   7 4.5190450820e+03  -2.33e-02  2.28e-03    3.900922e+03  -1.565062e+00

After 7 iterations the fit converged.
final sum of squares of residuals : 4519.05
rel. change during last iteration : -2.33237e-07

degrees of freedom    (FIT_NDF)                        : 8
rms of residuals      (FIT_STDFIT) = sqrt(WSSR/ndf)    : 23.7672
variance of residuals (reduced chisquare) = WSSR/ndf   : 564.881

Final set of parameters            Asymptotic Standard Error
=======================            ==========================
a               = 3900.92          +/- 23.49        (0.6022%)
b               = -1.56506         +/- 0.01579      (1.009%)

correlation matrix of the fit parameters:
                a      b      
a               1.000 
b              -0.359  1.000 


*******************************************************************************
Mon Nov 20 21:11:54 2017


FIT:    data read from "coordinates2.3-pdf.dat"
        format = z
        x range restricted to [1.00000 : 10.0000]
        #datapoints = 10
        residuals are weighted equally (unit weight)

function used for fitting: a*x**b
fitted parameters initialized with current variable values

iter      chisq       delta/lim  lambda   a             b            
   0 9.2555800829e+06   0.00e+00  1.10e+03    3.900922e+03  -1.565062e+00
   4 2.3018484776e+03  -8.47e-04  1.10e+03    6.892543e+03  -1.903792e+00

After 4 iterations the fit converged.
final sum of squares of residuals : 2301.85
rel. change during last iteration : -8.47057e-09

degrees of freedom    (FIT_NDF)                        : 8
rms of residuals      (FIT_STDFIT) = sqrt(WSSR/ndf)    : 16.9626
variance of residuals (reduced chisquare) = WSSR/ndf   : 287.731

Final set of parameters            Asymptotic Standard Error
=======================            ==========================
a               = 6892.54          +/- 16.87        (0.2448%)
b               = -1.90379         +/- 0.009219     (0.4842%)

correlation matrix of the fit parameters:
                a      b      
a               1.000 
b              -0.280  1.000 


*******************************************************************************
Tue Nov 21 13:21:58 2017


FIT:    data read from "coordinates2.3-pdf.dat"
        format = z
        x range restricted to [1.00000 : 10.0000]
        #datapoints = 10
        residuals are weighted equally (unit weight)

function used for fitting: a*exp(b*x)
fitted parameters initialized with current variable values

iter      chisq       delta/lim  lambda   a             b            
   0 3.8405110408e+07   0.00e+00  5.12e+02    6.892543e+03  -1.903792e+00
   8 3.4987969967e+05  -2.86e-02  5.12e-05    2.222041e+04  -1.177731e+00

After 8 iterations the fit converged.
final sum of squares of residuals : 349880
rel. change during last iteration : -2.86363e-07

degrees of freedom    (FIT_NDF)                        : 8
rms of residuals      (FIT_STDFIT) = sqrt(WSSR/ndf)    : 209.129
variance of residuals (reduced chisquare) = WSSR/ndf   : 43735

Final set of parameters            Asymptotic Standard Error
=======================            ==========================
a               = 22220.4          +/- 2198         (9.89%)
b               = -1.17773         +/- 0.08562      (7.27%)

correlation matrix of the fit parameters:
                a      b      
a               1.000 
b              -0.956  1.000 


*******************************************************************************
Tue Nov 21 13:22:15 2017


FIT:    data read from "coordinates2.3-pdf.dat"
        format = z
        x range restricted to [1.00000 : 10.0000]
        #datapoints = 10
        residuals are weighted equally (unit weight)

function used for fitting: a*exp(b*x)
fitted parameters initialized with current variable values

iter      chisq       delta/lim  lambda   a             b            
   0 3.4987969967e+05   0.00e+00  2.72e+03    2.222041e+04  -1.177731e+00
   1 3.4987969967e+05  -4.99e-11  2.72e+07    2.222041e+04  -1.177731e+00

After 1 iterations the fit converged.
final sum of squares of residuals : 349880
rel. change during last iteration : -4.99094e-16

degrees of freedom    (FIT_NDF)                        : 8
rms of residuals      (FIT_STDFIT) = sqrt(WSSR/ndf)    : 209.129
variance of residuals (reduced chisquare) = WSSR/ndf   : 43735

Final set of parameters            Asymptotic Standard Error
=======================            ==========================
a               = 22220.4          +/- 2198         (9.89%)
b               = -1.17773         +/- 0.08562      (7.27%)

correlation matrix of the fit parameters:
                a      b      
a               1.000 
b              -0.956  1.000 


*******************************************************************************
Tue Nov 21 13:22:19 2017


FIT:    data read from "coordinates2.3-pdf.dat"
        format = z
        x range restricted to [1.00000 : 10.0000]
        #datapoints = 10
        residuals are weighted equally (unit weight)

function used for fitting: a*exp(b*x)
fitted parameters initialized with current variable values

iter      chisq       delta/lim  lambda   a             b            
   0 3.4987969967e+05   0.00e+00  2.72e+03    2.222041e+04  -1.177731e+00
   1 3.4987969967e+05   0.00e+00  2.72e+08    2.222041e+04  -1.177731e+00

After 1 iterations the fit converged.
final sum of squares of residuals : 349880
rel. change during last iteration : 0

degrees of freedom    (FIT_NDF)                        : 8
rms of residuals      (FIT_STDFIT) = sqrt(WSSR/ndf)    : 209.129
variance of residuals (reduced chisquare) = WSSR/ndf   : 43735

Final set of parameters            Asymptotic Standard Error
=======================            ==========================
a               = 22220.4          +/- 2198         (9.89%)
b               = -1.17773         +/- 0.08562      (7.27%)

correlation matrix of the fit parameters:
                a      b      
a               1.000 
b              -0.956  1.000 


*******************************************************************************
Tue Nov 21 13:22:58 2017


FIT:    data read from "coordinates2.3-pdf.dat"
        format = z
        x range restricted to [1.00000 : 4.00000]
        #datapoints = 4
        residuals are weighted equally (unit weight)

function used for fitting: a*exp(b*x)
fitted parameters initialized with current variable values

iter      chisq       delta/lim  lambda   a             b            
   0 1.9469626828e+05   0.00e+00  4.29e+03    2.222041e+04  -1.177731e+00
   4 1.9328844154e+05  -8.51e-02  4.29e-01    2.262011e+04  -1.194245e+00

After 4 iterations the fit converged.
final sum of squares of residuals : 193288
rel. change during last iteration : -8.5072e-07

degrees of freedom    (FIT_NDF)                        : 2
rms of residuals      (FIT_STDFIT) = sqrt(WSSR/ndf)    : 310.877
variance of residuals (reduced chisquare) = WSSR/ndf   : 96644.2

Final set of parameters            Asymptotic Standard Error
=======================            ==========================
a               = 22620.1          +/- 3393         (15%)
b               = -1.19425         +/- 0.1306       (10.93%)

correlation matrix of the fit parameters:
                a      b      
a               1.000 
b              -0.958  1.000 


*******************************************************************************
Tue Nov 21 13:23:07 2017


FIT:    data read from "coordinates2.3-pdf.dat"
        format = z
        #datapoints = 51
        residuals are weighted equally (unit weight)

function used for fitting: a*exp(b*x)
fitted parameters initialized with current variable values

iter      chisq       delta/lim  lambda   a             b            
   0 3.6533196348e+05   0.00e+00  1.21e+03    2.262011e+04  -1.194245e+00
   4 3.6395747013e+05  -7.50e-02  1.21e-01    2.222179e+04  -1.177787e+00

After 4 iterations the fit converged.
final sum of squares of residuals : 363957
rel. change during last iteration : -7.49873e-07

degrees of freedom    (FIT_NDF)                        : 49
rms of residuals      (FIT_STDFIT) = sqrt(WSSR/ndf)    : 86.1841
variance of residuals (reduced chisquare) = WSSR/ndf   : 7427.7

Final set of parameters            Asymptotic Standard Error
=======================            ==========================
a               = 22221.8          +/- 905.7        (4.076%)
b               = -1.17779         +/- 0.03529      (2.996%)

correlation matrix of the fit parameters:
                a      b      
a               1.000 
b              -0.956  1.000 


*******************************************************************************
Tue Nov 21 13:24:57 2017


FIT:    data read from "coordinates0.0-pdf.dat"
        format = z
        #datapoints = 4
        residuals are weighted equally (unit weight)

function used for fitting: a*exp(b*x)
fitted parameters initialized with current variable values

iter      chisq       delta/lim  lambda   a             b            
   0 3.6052168730e+08   0.00e+00  4.29e+03    2.222179e+04  -1.177787e+00
   9 2.2729999724e+03  -8.08e-06  4.29e+03    3.460106e+05  -2.595271e+00

After 9 iterations the fit converged.
final sum of squares of residuals : 2273
rel. change during last iteration : -8.07802e-11

degrees of freedom    (FIT_NDF)                        : 2
rms of residuals      (FIT_STDFIT) = sqrt(WSSR/ndf)    : 33.712
variance of residuals (reduced chisquare) = WSSR/ndf   : 1136.5

Final set of parameters            Asymptotic Standard Error
=======================            ==========================
a               = 346011           +/- 6069         (1.754%)
b               = -2.59527         +/- 0.01742      (0.6711%)

correlation matrix of the fit parameters:
                a      b      
a               1.000 
b              -0.997  1.000 
